# JRE version: Java(TM) SE Runtime Environment (8.0_161-b12) (build 1.8.0_161-b12)
# Java VM: Java HotSpot(TM) 64-Bit Server VM (25.161-b12 mixed mode windows-amd64 compressed oops)
Heap:
 PSYoungGen      total 38400K, used 22241K [0x00000000d5c00000, 0x00000000da580000, 0x0000000100000000)
  eden space 33280K, 51% used [0x00000000d5c00000,0x00000000d6cbc528,0x00000000d7c80000)
  from space 5120K, 99% used [0x00000000d7c80000,0x00000000d817bfa0,0x00000000d8180000)
  to   space 9728K, 0% used [0x00000000d9c00000,0x00000000d9c00000,0x00000000da580000)
 ParOldGen       total 53248K, used 6238K [0x0000000081400000, 0x0000000084800000, 0x00000000d5c00000)
  object space 53248K, 11% used [0x0000000081400000,0x0000000081a17b10,0x0000000084800000)
 Metaspace       used 29612K, capacity 29938K, committed 30336K, reserved 1075200K
  class space    used 4104K, capacity 4218K, committed 4224K, reserved 1048576K
GC Heap History (10 events):
Event: 1.287 GC heap before
{Heap before GC invocations=2 (full 0):
 PSYoungGen      total 38400K, used 33943K [0x00000000d5c00000, 0x00000000d8680000, 0x0000000100000000)
  eden space 33280K, 100% used [0x00000000d5c00000,0x00000000d7c80000,0x00000000d7c80000)
  from space 5120K, 12% used [0x00000000d7c80000,0x00000000d7d25ef0,0x00000000d8180000)
  to   space 5120K, 0% used [0x00000000d8180000,0x00000000d8180000,0x00000000d8680000)
 ParOldGen       total 87552K, used 8K [0x0000000081400000, 0x0000000086980000, 0x00000000d5c00000)
  object space 87552K, 0% used [0x0000000081400000,0x0000000081402000,0x0000000086980000)
 Metaspace       used 11086K, capacity 11280K, committed 11648K, reserved 1058816K
  class space    used 1488K, capacity 1567K, committed 1664K, reserved 1048576K
Event: 1.298 GC heap after
Heap after GC invocations=2 (full 0):
 PSYoungGen      total 38400K, used 5117K [0x00000000d5c00000, 0x00000000d8680000, 0x0000000100000000)
  eden space 33280K, 0% used [0x00000000d5c00000,0x00000000d5c00000,0x00000000d7c80000)
  from space 5120K, 99% used [0x00000000d8180000,0x00000000d867f5f8,0x00000000d8680000)
  to   space 5120K, 0% used [0x00000000d7c80000,0x00000000d7c80000,0x00000000d8180000)
 ParOldGen       total 87552K, used 1143K [0x0000000081400000, 0x0000000086980000, 0x00000000d5c00000)
  object space 87552K, 1% used [0x0000000081400000,0x000000008151dde8,0x0000000086980000)
 Metaspace       used 11086K, capacity 11280K, committed 11648K, reserved 1058816K
  class space    used 1488K, capacity 1567K, committed 1664K, reserved 1048576K
}
Event: 3.083 GC heap before
{Heap before GC invocations=3 (full 0):
 PSYoungGen      total 38400K, used 38397K [0x00000000d5c00000, 0x00000000d8680000, 0x0000000100000000)
  eden space 33280K, 100% used [0x00000000d5c00000,0x00000000d7c80000,0x00000000d7c80000)
  from space 5120K, 99% used [0x00000000d8180000,0x00000000d867f5f8,0x00000000d8680000)
  to   space 5120K, 0% used [0x00000000d7c80000,0x00000000d7c80000,0x00000000d8180000)
 ParOldGen       total 87552K, used 1143K [0x0000000081400000, 0x0000000086980000, 0x00000000d5c00000)
  object space 87552K, 1% used [0x0000000081400000,0x000000008151dde8,0x0000000086980000)
 Metaspace       used 20226K, capacity 20564K, committed 20864K, reserved 1067008K
  class space    used 2719K, capacity 2839K, committed 2944K, reserved 1048576K
Event: 3.096 GC heap after
Heap after GC invocations=3 (full 0):
 PSYoungGen      total 38400K, used 5118K [0x00000000d5c00000, 0x00000000d8680000, 0x0000000100000000)
  eden space 33280K, 0% used [0x00000000d5c00000,0x00000000d5c00000,0x00000000d7c80000)
  from space 5120K, 99% used [0x00000000d7c80000,0x00000000d817fa08,0x00000000d8180000)
  to   space 5120K, 0% used [0x00000000d8180000,0x00000000d8180000,0x00000000d8680000)
 ParOldGen       total 87552K, used 5215K [0x0000000081400000, 0x0000000086980000, 0x00000000d5c00000)
  object space 87552K, 5% used [0x0000000081400000,0x0000000081917cf0,0x0000000086980000)
 Metaspace       used 20226K, capacity 20564K, committed 20864K, reserved 1067008K
  class space    used 2719K, capacity 2839K, committed 2944K, reserved 1048576K
}
Event: 3.183 GC heap before
{Heap before GC invocations=4 (full 0):
 PSYoungGen      total 38400K, used 9731K [0x00000000d5c00000, 0x00000000d8680000, 0x0000000100000000)
  eden space 33280K, 13% used [0x00000000d5c00000,0x00000000d60811f8,0x00000000d7c80000)
  from space 5120K, 99% used [0x00000000d7c80000,0x00000000d817fa08,0x00000000d8180000)
  to   space 5120K, 0% used [0x00000000d8180000,0x00000000d8180000,0x00000000d8680000)
 ParOldGen       total 87552K, used 5215K [0x0000000081400000, 0x0000000086980000, 0x00000000d5c00000)
  object space 87552K, 5% used [0x0000000081400000,0x0000000081917cf0,0x0000000086980000)
 Metaspace       used 20880K, capacity 21140K, committed 21296K, reserved 1067008K
  class space    used 2812K, capacity 2903K, committed 2944K, reserved 1048576K
Event: 3.194 GC heap after
Heap after GC invocations=4 (full 0):
 PSYoungGen      total 38400K, used 5102K [0x00000000d5c00000, 0x00000000da700000, 0x0000000100000000)
  eden space 33280K, 0% used [0x00000000d5c00000,0x00000000d5c00000,0x00000000d7c80000)
  from space 5120K, 99% used [0x00000000d8180000,0x00000000d867b9f8,0x00000000d8680000)
  to   space 5120K, 0% used [0x00000000d7c80000,0x00000000d7c80000,0x00000000d8180000)
 ParOldGen       total 87552K, used 5661K [0x0000000081400000, 0x0000000086980000, 0x00000000d5c00000)
  object space 87552K, 6% used [0x0000000081400000,0x0000000081987618,0x0000000086980000)
 Metaspace       used 20880K, capacity 21140K, committed 21296K, reserved 1067008K
  class space    used 2812K, capacity 2903K, committed 2944K, reserved 1048576K
}
Event: 3.194 GC heap before
{Heap before GC invocations=5 (full 1):
 PSYoungGen      total 38400K, used 5102K [0x00000000d5c00000, 0x00000000da700000, 0x0000000100000000)
  eden space 33280K, 0% used [0x00000000d5c00000,0x00000000d5c00000,0x00000000d7c80000)
  from space 5120K, 99% used [0x00000000d8180000,0x00000000d867b9f8,0x00000000d8680000)
  to   space 5120K, 0% used [0x00000000d7c80000,0x00000000d7c80000,0x00000000d8180000)
 ParOldGen       total 87552K, used 5661K [0x0000000081400000, 0x0000000086980000, 0x00000000d5c00000)
  object space 87552K, 6% used [0x0000000081400000,0x0000000081987618,0x0000000086980000)
 Metaspace       used 20880K, capacity 21140K, committed 21296K, reserved 1067008K
  class space    used 2812K, capacity 2903K, committed 2944K, reserved 1048576K
Event: 3.234 GC heap after
Heap after GC invocations=5 (full 1):
 PSYoungGen      total 38400K, used 0K [0x00000000d5c00000, 0x00000000da700000, 0x0000000100000000)
  eden space 33280K, 0% used [0x00000000d5c00000,0x00000000d5c00000,0x00000000d7c80000)
  from space 5120K, 0% used [0x00000000d8180000,0x00000000d8180000,0x00000000d8680000)
  to   space 5120K, 0% used [0x00000000d7c80000,0x00000000d7c80000,0x00000000d8180000)
 ParOldGen       total 53248K, used 5782K [0x0000000081400000, 0x0000000084800000, 0x00000000d5c00000)
  object space 53248K, 10% used [0x0000000081400000,0x00000000819a5bf8,0x0000000084800000)
 Metaspace       used 20880K, capacity 21140K, committed 21296K, reserved 1067008K
  class space    used 2812K, capacity 2903K, committed 2944K, reserved 1048576K
}
Event: 4.116 GC heap before
{Heap before GC invocations=6 (full 1):
 PSYoungGen      total 38400K, used 33280K [0x00000000d5c00000, 0x00000000da700000, 0x0000000100000000)
  eden space 33280K, 100% used [0x00000000d5c00000,0x00000000d7c80000,0x00000000d7c80000)
  from space 5120K, 0% used [0x00000000d8180000,0x00000000d8180000,0x00000000d8680000)
  to   space 5120K, 0% used [0x00000000d7c80000,0x00000000d7c80000,0x00000000d8180000)
 ParOldGen       total 53248K, used 5782K [0x0000000081400000, 0x0000000084800000, 0x00000000d5c00000)
  object space 53248K, 10% used [0x0000000081400000,0x00000000819a5bf8,0x0000000084800000)
 Metaspace       used 26708K, capacity 27004K, committed 27392K, reserved 1073152K
  class space    used 3719K, capacity 3819K, committed 3840K, reserved 1048576K
Event: 4.125 GC heap after
Heap after GC invocations=6 (full 1):
 PSYoungGen      total 38400K, used 5103K [0x00000000d5c00000, 0x00000000da580000, 0x0000000100000000)
  eden space 33280K, 0% used [0x00000000d5c00000,0x00000000d5c00000,0x00000000d7c80000)
  from space 5120K, 99% used [0x00000000d7c80000,0x00000000d817bfa0,0x00000000d8180000)
  to   space 9728K, 0% used [0x00000000d9c00000,0x00000000d9c00000,0x00000000da580000)
 ParOldGen       total 53248K, used 6238K [0x0000000081400000, 0x0000000084800000, 0x00000000d5c00000)
  object space 53248K, 11% used [0x0000000081400000,0x0000000081a17b10,0x0000000084800000)
 Metaspace       used 26708K, capacity 27004K, committed 27392K, reserved 1073152K
  class space    used 3719K, capacity 3819K, committed 3840K, reserved 1048576K
}

